[2022-05-17 20:23:10,297] {taskinstance.py:1159} INFO - Dependencies all met for <TaskInstance: httpChartDag.chooseBestModel scheduled__2022-05-16T00:00:00+00:00 [queued]>
[2022-05-17 20:23:10,307] {taskinstance.py:1159} INFO - Dependencies all met for <TaskInstance: httpChartDag.chooseBestModel scheduled__2022-05-16T00:00:00+00:00 [queued]>
[2022-05-17 20:23:10,307] {taskinstance.py:1356} INFO - 
--------------------------------------------------------------------------------
[2022-05-17 20:23:10,307] {taskinstance.py:1357} INFO - Starting attempt 1 of 1
[2022-05-17 20:23:10,308] {taskinstance.py:1358} INFO - 
--------------------------------------------------------------------------------
[2022-05-17 20:23:10,320] {taskinstance.py:1377} INFO - Executing <Task(BranchPythonOperator): chooseBestModel> on 2022-05-16 00:00:00+00:00
[2022-05-17 20:23:10,323] {standard_task_runner.py:52} INFO - Started process 6022 to run task
[2022-05-17 20:23:10,325] {standard_task_runner.py:79} INFO - Running: ['***', 'tasks', 'run', 'httpChartDag', 'chooseBestModel', 'scheduled__2022-05-16T00:00:00+00:00', '--job-id', '12', '--raw', '--subdir', 'DAGS_FOLDER/httpChartDag.py', '--cfg-path', '/tmp/tmpi72edszy', '--error-file', '/tmp/tmpniuvbn0a']
[2022-05-17 20:23:10,326] {standard_task_runner.py:80} INFO - Job 12: Subtask chooseBestModel
[2022-05-17 20:23:10,367] {task_command.py:369} INFO - Running <TaskInstance: httpChartDag.chooseBestModel scheduled__2022-05-16T00:00:00+00:00 [running]> on host 9b3fb5fadbaa
[2022-05-17 20:23:10,423] {taskinstance.py:1571} INFO - Exporting the following env vars:
AIRFLOW_CTX_DAG_OWNER=***
AIRFLOW_CTX_DAG_ID=httpChartDag
AIRFLOW_CTX_TASK_ID=chooseBestModel
AIRFLOW_CTX_EXECUTION_DATE=2022-05-16T00:00:00+00:00
AIRFLOW_CTX_TRY_NUMBER=1
AIRFLOW_CTX_DAG_RUN_ID=scheduled__2022-05-16T00:00:00+00:00
[2022-05-17 20:23:10,431] {python.py:173} INFO - Done. Returned value was: inaccurate
[2022-05-17 20:23:10,432] {skipmixin.py:140} INFO - Following branch inaccurate
[2022-05-17 20:23:10,432] {skipmixin.py:175} INFO - Skipping tasks ['accurate']
[2022-05-17 20:23:10,467] {taskinstance.py:1400} INFO - Marking task as SUCCESS. dag_id=httpChartDag, task_id=chooseBestModel, execution_date=20220516T000000, start_date=20220517T202310, end_date=20220517T202310
[2022-05-17 20:23:10,497] {local_task_job.py:156} INFO - Task exited with return code 0
[2022-05-17 20:23:10,531] {local_task_job.py:273} INFO - 1 downstream tasks scheduled from follow-on schedule check
