[2022-05-17 20:23:40,088] {taskinstance.py:1159} INFO - Dependencies all met for <TaskInstance: httpChartDag.chooseBestModel manual__2022-05-17T20:23:38.206056+00:00 [queued]>
[2022-05-17 20:23:40,096] {taskinstance.py:1159} INFO - Dependencies all met for <TaskInstance: httpChartDag.chooseBestModel manual__2022-05-17T20:23:38.206056+00:00 [queued]>
[2022-05-17 20:23:40,097] {taskinstance.py:1356} INFO - 
--------------------------------------------------------------------------------
[2022-05-17 20:23:40,097] {taskinstance.py:1357} INFO - Starting attempt 1 of 1
[2022-05-17 20:23:40,098] {taskinstance.py:1358} INFO - 
--------------------------------------------------------------------------------
[2022-05-17 20:23:40,108] {taskinstance.py:1377} INFO - Executing <Task(BranchPythonOperator): chooseBestModel> on 2022-05-17 20:23:38.206056+00:00
[2022-05-17 20:23:40,112] {standard_task_runner.py:52} INFO - Started process 6065 to run task
[2022-05-17 20:23:40,114] {standard_task_runner.py:79} INFO - Running: ['***', 'tasks', 'run', 'httpChartDag', 'chooseBestModel', 'manual__2022-05-17T20:23:38.206056+00:00', '--job-id', '23', '--raw', '--subdir', 'DAGS_FOLDER/httpChartDag.py', '--cfg-path', '/tmp/tmpgvzvkfqq', '--error-file', '/tmp/tmpl1ch0t89']
[2022-05-17 20:23:40,114] {standard_task_runner.py:80} INFO - Job 23: Subtask chooseBestModel
[2022-05-17 20:23:40,152] {task_command.py:369} INFO - Running <TaskInstance: httpChartDag.chooseBestModel manual__2022-05-17T20:23:38.206056+00:00 [running]> on host 9b3fb5fadbaa
[2022-05-17 20:23:40,205] {taskinstance.py:1571} INFO - Exporting the following env vars:
AIRFLOW_CTX_DAG_OWNER=***
AIRFLOW_CTX_DAG_ID=httpChartDag
AIRFLOW_CTX_TASK_ID=chooseBestModel
AIRFLOW_CTX_EXECUTION_DATE=2022-05-17T20:23:38.206056+00:00
AIRFLOW_CTX_TRY_NUMBER=1
AIRFLOW_CTX_DAG_RUN_ID=manual__2022-05-17T20:23:38.206056+00:00
[2022-05-17 20:23:40,213] {python.py:173} INFO - Done. Returned value was: accurate
[2022-05-17 20:23:40,214] {skipmixin.py:140} INFO - Following branch accurate
[2022-05-17 20:23:40,214] {skipmixin.py:175} INFO - Skipping tasks ['inaccurate']
[2022-05-17 20:23:40,250] {taskinstance.py:1400} INFO - Marking task as SUCCESS. dag_id=httpChartDag, task_id=chooseBestModel, execution_date=20220517T202338, start_date=20220517T202340, end_date=20220517T202340
[2022-05-17 20:23:40,287] {local_task_job.py:156} INFO - Task exited with return code 0
[2022-05-17 20:23:40,319] {local_task_job.py:273} INFO - 1 downstream tasks scheduled from follow-on schedule check
