[2022-05-17 20:23:41,218] {taskinstance.py:1159} INFO - Dependencies all met for <TaskInstance: httpChartDag.accurate manual__2022-05-17T20:23:38.206056+00:00 [queued]>
[2022-05-17 20:23:41,227] {taskinstance.py:1159} INFO - Dependencies all met for <TaskInstance: httpChartDag.accurate manual__2022-05-17T20:23:38.206056+00:00 [queued]>
[2022-05-17 20:23:41,227] {taskinstance.py:1356} INFO - 
--------------------------------------------------------------------------------
[2022-05-17 20:23:41,227] {taskinstance.py:1357} INFO - Starting attempt 1 of 1
[2022-05-17 20:23:41,228] {taskinstance.py:1358} INFO - 
--------------------------------------------------------------------------------
[2022-05-17 20:23:41,239] {taskinstance.py:1377} INFO - Executing <Task(BashOperator): accurate> on 2022-05-17 20:23:38.206056+00:00
[2022-05-17 20:23:41,243] {standard_task_runner.py:52} INFO - Started process 6076 to run task
[2022-05-17 20:23:41,244] {standard_task_runner.py:79} INFO - Running: ['***', 'tasks', 'run', 'httpChartDag', 'accurate', 'manual__2022-05-17T20:23:38.206056+00:00', '--job-id', '24', '--raw', '--subdir', 'DAGS_FOLDER/httpChartDag.py', '--cfg-path', '/tmp/tmpcqdh6461', '--error-file', '/tmp/tmpzi17hj25']
[2022-05-17 20:23:41,245] {standard_task_runner.py:80} INFO - Job 24: Subtask accurate
[2022-05-17 20:23:41,284] {task_command.py:369} INFO - Running <TaskInstance: httpChartDag.accurate manual__2022-05-17T20:23:38.206056+00:00 [running]> on host 9b3fb5fadbaa
[2022-05-17 20:23:41,345] {taskinstance.py:1571} INFO - Exporting the following env vars:
AIRFLOW_CTX_DAG_OWNER=***
AIRFLOW_CTX_DAG_ID=httpChartDag
AIRFLOW_CTX_TASK_ID=accurate
AIRFLOW_CTX_EXECUTION_DATE=2022-05-17T20:23:38.206056+00:00
AIRFLOW_CTX_TRY_NUMBER=1
AIRFLOW_CTX_DAG_RUN_ID=manual__2022-05-17T20:23:38.206056+00:00
[2022-05-17 20:23:41,346] {subprocess.py:62} INFO - Tmp dir root location: 
 /tmp
[2022-05-17 20:23:41,346] {subprocess.py:74} INFO - Running command: ['bash', '-c', "echo 'accurate'"]
[2022-05-17 20:23:41,354] {subprocess.py:85} INFO - Output:
[2022-05-17 20:23:41,355] {subprocess.py:92} INFO - accurate
[2022-05-17 20:23:41,356] {subprocess.py:96} INFO - Command exited with return code 0
[2022-05-17 20:23:41,379] {taskinstance.py:1400} INFO - Marking task as SUCCESS. dag_id=httpChartDag, task_id=accurate, execution_date=20220517T202338, start_date=20220517T202341, end_date=20220517T202341
[2022-05-17 20:23:41,417] {local_task_job.py:156} INFO - Task exited with return code 0
[2022-05-17 20:23:41,444] {local_task_job.py:273} INFO - 0 downstream tasks scheduled from follow-on schedule check
