[2022-05-17 20:23:18,681] {taskinstance.py:1159} INFO - Dependencies all met for <TaskInstance: httpChartDag.chooseBestModel manual__2022-05-17T20:23:16.640341+00:00 [queued]>
[2022-05-17 20:23:18,689] {taskinstance.py:1159} INFO - Dependencies all met for <TaskInstance: httpChartDag.chooseBestModel manual__2022-05-17T20:23:16.640341+00:00 [queued]>
[2022-05-17 20:23:18,690] {taskinstance.py:1356} INFO - 
--------------------------------------------------------------------------------
[2022-05-17 20:23:18,690] {taskinstance.py:1357} INFO - Starting attempt 1 of 1
[2022-05-17 20:23:18,690] {taskinstance.py:1358} INFO - 
--------------------------------------------------------------------------------
[2022-05-17 20:23:18,701] {taskinstance.py:1377} INFO - Executing <Task(BranchPythonOperator): chooseBestModel> on 2022-05-17 20:23:16.640341+00:00
[2022-05-17 20:23:18,705] {standard_task_runner.py:52} INFO - Started process 6045 to run task
[2022-05-17 20:23:18,707] {standard_task_runner.py:79} INFO - Running: ['***', 'tasks', 'run', 'httpChartDag', 'chooseBestModel', 'manual__2022-05-17T20:23:16.640341+00:00', '--job-id', '18', '--raw', '--subdir', 'DAGS_FOLDER/httpChartDag.py', '--cfg-path', '/tmp/tmpd77hf7r5', '--error-file', '/tmp/tmpgkbuarp7']
[2022-05-17 20:23:18,707] {standard_task_runner.py:80} INFO - Job 18: Subtask chooseBestModel
[2022-05-17 20:23:18,745] {task_command.py:369} INFO - Running <TaskInstance: httpChartDag.chooseBestModel manual__2022-05-17T20:23:16.640341+00:00 [running]> on host 9b3fb5fadbaa
[2022-05-17 20:23:18,802] {taskinstance.py:1571} INFO - Exporting the following env vars:
AIRFLOW_CTX_DAG_OWNER=***
AIRFLOW_CTX_DAG_ID=httpChartDag
AIRFLOW_CTX_TASK_ID=chooseBestModel
AIRFLOW_CTX_EXECUTION_DATE=2022-05-17T20:23:16.640341+00:00
AIRFLOW_CTX_TRY_NUMBER=1
AIRFLOW_CTX_DAG_RUN_ID=manual__2022-05-17T20:23:16.640341+00:00
[2022-05-17 20:23:18,810] {python.py:173} INFO - Done. Returned value was: accurate
[2022-05-17 20:23:18,810] {skipmixin.py:140} INFO - Following branch accurate
[2022-05-17 20:23:18,811] {skipmixin.py:175} INFO - Skipping tasks ['inaccurate']
[2022-05-17 20:23:18,845] {taskinstance.py:1400} INFO - Marking task as SUCCESS. dag_id=httpChartDag, task_id=chooseBestModel, execution_date=20220517T202316, start_date=20220517T202318, end_date=20220517T202318
[2022-05-17 20:23:18,879] {local_task_job.py:156} INFO - Task exited with return code 0
[2022-05-17 20:23:18,912] {local_task_job.py:273} INFO - 1 downstream tasks scheduled from follow-on schedule check
