[2022-05-17 20:23:39,043] {taskinstance.py:1159} INFO - Dependencies all met for <TaskInstance: httpChartDag.trainingModelB manual__2022-05-17T20:23:38.206056+00:00 [queued]>
[2022-05-17 20:23:39,052] {taskinstance.py:1159} INFO - Dependencies all met for <TaskInstance: httpChartDag.trainingModelB manual__2022-05-17T20:23:38.206056+00:00 [queued]>
[2022-05-17 20:23:39,053] {taskinstance.py:1356} INFO - 
--------------------------------------------------------------------------------
[2022-05-17 20:23:39,053] {taskinstance.py:1357} INFO - Starting attempt 1 of 1
[2022-05-17 20:23:39,053] {taskinstance.py:1358} INFO - 
--------------------------------------------------------------------------------
[2022-05-17 20:23:39,067] {taskinstance.py:1377} INFO - Executing <Task(PythonOperator): trainingModelB> on 2022-05-17 20:23:38.206056+00:00
[2022-05-17 20:23:39,072] {standard_task_runner.py:52} INFO - Started process 6061 to run task
[2022-05-17 20:23:39,074] {standard_task_runner.py:79} INFO - Running: ['***', 'tasks', 'run', 'httpChartDag', 'trainingModelB', 'manual__2022-05-17T20:23:38.206056+00:00', '--job-id', '20', '--raw', '--subdir', 'DAGS_FOLDER/httpChartDag.py', '--cfg-path', '/tmp/tmpticv7eg5', '--error-file', '/tmp/tmp1omfwrg8']
[2022-05-17 20:23:39,074] {standard_task_runner.py:80} INFO - Job 20: Subtask trainingModelB
[2022-05-17 20:23:39,127] {task_command.py:369} INFO - Running <TaskInstance: httpChartDag.trainingModelB manual__2022-05-17T20:23:38.206056+00:00 [running]> on host 9b3fb5fadbaa
[2022-05-17 20:23:39,205] {taskinstance.py:1571} INFO - Exporting the following env vars:
AIRFLOW_CTX_DAG_OWNER=***
AIRFLOW_CTX_DAG_ID=httpChartDag
AIRFLOW_CTX_TASK_ID=trainingModelB
AIRFLOW_CTX_EXECUTION_DATE=2022-05-17T20:23:38.206056+00:00
AIRFLOW_CTX_TRY_NUMBER=1
AIRFLOW_CTX_DAG_RUN_ID=manual__2022-05-17T20:23:38.206056+00:00
[2022-05-17 20:23:39,206] {python.py:173} INFO - Done. Returned value was: 2
[2022-05-17 20:23:39,234] {taskinstance.py:1400} INFO - Marking task as SUCCESS. dag_id=httpChartDag, task_id=trainingModelB, execution_date=20220517T202338, start_date=20220517T202339, end_date=20220517T202339
[2022-05-17 20:23:39,287] {local_task_job.py:156} INFO - Task exited with return code 0
[2022-05-17 20:23:39,328] {local_task_job.py:273} INFO - 1 downstream tasks scheduled from follow-on schedule check
